<?xml version="1.0" encoding="UTF-8"?>
<!-- Generated by org.testng.reporters.JUnitReportReporter -->
<testsuite hostname="DESKTOP-BK3PTRF" failures="0" tests="1" name="com.Test.LoginTest" time="1.197" errors="0" timestamp="2024-03-12T12:56:35 IST" skipped="0">
  <testcase classname="com.Test.LoginTest" name="loginWithValidUsernameAndValidPassword" time="1.197"/>
  <system-out/>
</testsuite> <!-- com.Test.LoginTest -->
